[
 {
  "Error": {},
  "Frames": [
   {
    "Time": 48,
    "Turn": 0
   },
   {
    "Commands": [
     {
      "angle": 16,
      "magnitude": 3,
      "owner": 0,
      "queue_number": 0,
      "shipId": 2,
      "type": "thrust"
     },
     {
      "angle": 21,
      "magnitude": 3,
      "owner": 0,
      "queue_number": 0,
      "shipId": 1,
      "type": "thrust"
     },
     {
      "angle": 19,
      "magnitude": 3,
      "owner": 0,
      "queue_number": 0,
      "shipId": 0,
      "type": "thrust"
     }
    ],
    "Planets": null,
    "Ships": [
     {
      "cooldown": 0,
      "docking": {
       "status": "undocked"
      },
      "health": 255,
      "id": 2,
      "owner": 0,
      "vel_x": 0.0,
      "vel_y": 0.0,
      "x": 65.883785087814957,
      "y": 130.82691206745099
     },
     {
      "cooldown": 0,
      "docking": {
       "status": "undocked"
      },
      "health": 255,
      "id": 1,
      "owner": 0,
      "vel_x": 0.0,
      "vel_y": 0.0,
      "x": 65.800741279491604,
      "y": 125.07510384863591
     },
     {
      "cooldown": 0,
      "docking": {
       "status": "undocked"
      },
      "health": 255,
      "id": 0,
      "owner": 0,
      "vel_x": 0.0,
      "vel_y": 0.0,
      "x": 65.836555726797954,
      "y": 127.97670446337148
     }
    ],
    "Time": 0,
    "Turn": 1
   },
   {
    "Commands": [
     {
      "angle": 15,
      "magnitude": 3,
      "owner": 0,
      "queue_number": 0,
      "shipId": 2,
      "type": "thrust"
     },
     {
      "angle": 22,
      "magnitude": 3,
      "owner": 0,
      "queue_number": 0,
      "shipId": 1,
      "type": "thrust"
     },
     {
      "angle": 18,
      "magnitude": 3,
      "owner": 0,
      "queue_number": 0,
      "shipId": 0,
      "type": "thrust"
     }
    ],
    "Planets": null,
    "Ships": [
     {
      "cooldown": 0,
      "docking": {
       "status": "undocked"
      },
      "health": 255,
      "id": 2,
      "owner": 0,
      "vel_x": 0.0,
      "vel_y": 0.0,
      "x": 68.781562566682169,
      "y": 131.60336920275856
     },
     {
      "cooldown": 0,
      "docking": {
       "status": "undocked"
      },
      "health": 255,
      "id": 1,
      "owner": 0,
      "vel_x": 0.0,
      "vel_y": 0.0,
      "x": 68.582292843191965,
      "y": 126.19892362888363
     },
     {
      "cooldown": 0,
      "docking": {
       "status": "undocked"
      },
      "health": 255,
      "id": 0,
      "owner": 0,
      "vel_x": 0.0,
      "vel_y": 0.0,
      "x": 68.689725275683415,
      "y": 128.90375544649632
     }
    ],
    "Time": 2,
    "Turn": 2
   },
   {
    "Commands": [
     {
      "angle": 16,
      "magnitude": 3,
      "owner": 0,
      "queue_number": 0,
      "shipId": 2,
      "type": "thrust"
     },
     {
      "angle": 21,
      "magnitude": 3,
      "owner": 0,
      "queue_number": 0,
      "shipId": 1,
      "type": "thrust"
     },
     {
      "angle": 18,
      "magnitude": 3,
      "owner": 0,
      "queue_number": 0,
      "shipId": 0,
      "type": "thrust"
     }
    ],
    "Planets": null,
    "Ships": [
     {
      "cooldown": 0,
      "docking": {
       "status": "undocked"
      },
      "health": 255,
      "id": 2,
      "owner": 0,
      "vel_x": 0.0,
      "vel_y": 0.0,
      "x": 71.665347654497111,
      "y": 132.43028127020955
     },
     {
      "cooldown": 0,
      "docking": {
       "status": "undocked"
      },
      "health": 255,
      "id": 1,
      "owner": 0,
      "vel_x": 0.0,
      "vel_y": 0.0,
      "x": 71.383034122683569,
      "y": 127.27402747751954
     },
     {
      "cooldown": 0,
      "docking": {
       "status": "undocked"
      },
      "health": 255,
      "id": 0,
      "owner": 0,
      "vel_x": 0.0,
      "vel_y": 0.0,
      "x": 71.542894824568876,
      "y": 129.83080642962116
     }
    ],
    "Time": 2,
    "Turn": 3
   },
   {
    "Commands": [
     {
      "angle": 15,
      "magnitude": 3,
      "owner": 0,
      "queue_number": 0,
      "shipId": 2,
      "type": "thrust"
     },
     {
      "angle": 22,
      "magnitude": 3,
      "owner": 0,
      "queue_number": 0,
      "shipId": 1,
      "type": "thrust"
     },
     {
      "angle": 19,
      "magnitude": 3,
      "owner": 0,
      "queue_number": 0,
      "shipId": 0,
      "type": "thrust"
     }
    ],
    "Planets": null,
    "Ships": [
     {
      "cooldown": 0,
      "docking": {
       "status": "undocked"
      },
      "health": 255,
      "id": 2,
      "owner": 0,
      "vel_x": 0.0,
      "vel_y": 0.0,
      "x": 74.563125133364323,
      "y": 133.20673840551711
     },
     {
      "cooldown": 0,
      "docking": {
       "status": "undocked"
      },
      "health": 255,
      "id": 1,
      "owner": 0,
      "vel_x": 0.0,
      "vel_y": 0.0,
      "x": 74.16458568638393,
      "y": 128.39784725776727
     },
     {
      "cooldown": 0,
      "docking": {
       "status": "undocked"
      },
      "health": 255,
      "id": 0,
      "owner": 0,
      "vel_x": 0.0,
      "vel_y": 0.0,
      "x": 74.379450551366816,
      "y": 130.80751089299261
     }
    ],
    "Time": 0,
    "Turn": 4
   },
   {
    "Commands": [
     {
      "angle": 16,
      "magnitude": 3,
      "owner": 0,
      "queue_number": 0,
      "shipId": 2,
      "type": "thrust"
     },
     {
      "angle": 21,
      "magnitude": 3,
      "owner": 0,
      "queue_number": 0,
      "shipId": 1,
      "type": "thrust"
     },
     {
      "angle": 18,
      "magnitude": 3,
      "owner": 0,
      "queue_number": 0,
      "shipId": 0,
      "type": "thrust"
     }
    ],
    "Planets": null,
    "Ships": [
     {
      "cooldown": 0,
      "docking": {
       "status": "undocked"
      },
      "health": 255,
      "id": 2,
      "owner": 0,
      "vel_x": 0.0,
      "vel_y": 0.0,
      "x": 77.44691022117928,
      "y": 134.03365047296811
     },
     {
      "cooldown": 0,
      "docking": {
       "status": "undocked"
      },
      "health": 255,
      "id": 1,
      "owner": 0,
      "vel_x": 0.0,
      "vel_y": 0.0,
      "x": 76.965326965875533,
      "y": 129.47295110640317
     },
     {
      "cooldown": 0,
      "docking": {
       "status": "undocked"
      },
      "health": 255,
      "id": 0,
      "owner": 0,
      "vel_x": 0.0,
      "vel_y": 0.0,
      "x": 77.232620100252277,
      "y": 131.73456187611745
     }
    ],
    "Time": 1,
    "Turn": 5
   },
   {
    "Commands": [
     {
      "angle": 15,
      "magnitude": 3,
      "owner": 0,
      "queue_number": 0,
      "shipId": 2,
      "type": "thrust"
     },
     {
      "angle": 21,
      "magnitude": 3,
      "owner": 0,
      "queue_number": 0,
      "shipId": 1,
      "type": "thrust"
     },
     {
      "angle": 18,
      "magnitude": 3,
      "owner": 0,
      "queue_number": 0,
      "shipId": 0,
      "type": "thrust"
     }
    ],
    "Planets": null,
    "Ships": [
     {
      "cooldown": 0,
      "docking": {
       "status": "undocked"
      },
      "health": 255,
      "id": 2,
      "owner": 0,
      "vel_x": 0.0,
      "vel_y": 0.0,
      "x": 80.344687700046478,
      "y": 134.81010760827567
     },
     {
      "cooldown": 0,
      "docking": {
       "status": "undocked"
      },
      "health": 255,
      "id": 1,
      "owner": 0,
      "vel_x": 0.0,
      "vel_y": 0.0,
      "x": 79.766068245367151,
      "y": 130.54805495503908
     },
     {
      "cooldown": 0,
      "docking": {
       "status": "undocked"
      },
      "health": 255,
      "id": 0,
      "owner": 0,
      "vel_x": 0.0,
      "vel_y": 0.0,
      "x": 80.085789649137737,
      "y": 132.6616128592423
     }
    ],
    "Time": 1,
    "Turn": 6
   }
  ],
  "PlayerID": 0,
  "PlayerName": "Settler"
 },
 {
  "Error": {
   "Message": "ERRORED! Got Exception (if any): ERROR: Bot #1: Received invalid character 'Traceback (most recent call last):T'. (at character 1.)\nInput received from bot:\nTraceback (most recent call last):\n^; Response received (if any): Traceback (most recent call last):  File \"tardigrade1.py\", line 131, in <module>    game.send_command_queue(command_queue)  File \"/media/sf_personal/Halite2_Python3_Linux-x64/hlt/networking.py\", line 53, in send_command_queue    Game._send_string(command)  File \"/media/sf_personal/Halite2_Python3_Linux-x64/hlt/networking.py\", line 21, in _send_string    sys.stdout.write(s)TypeError: must be str, not None",
   "Turn": 6
  },
  "Frames": [
   {
    "Time": 57,
    "Turn": 0
   },
   {
    "Commands": [
     {
      "angle": 157,
      "magnitude": 7,
      "owner": 1,
      "queue_number": 0,
      "shipId": 5,
      "type": "thrust"
     },
     {
      "angle": 187,
      "magnitude": 7,
      "owner": 1,
      "queue_number": 0,
      "shipId": 4,
      "type": "thrust"
     },
     {
      "angle": 190,
      "magnitude": 7,
      "owner": 1,
      "queue_number": 0,
      "shipId": 3,
      "type": "thrust"
     }
    ],
    "Planets": null,
    "Ships": [
     {
      "cooldown": 0,
      "docking": {
       "status": "undocked"
      },
      "health": 255,
      "id": 5,
      "owner": 1,
      "vel_x": 0.0,
      "vel_y": 0.0,
      "x": 184.55646602583292,
      "y": 132.73511789942492
     },
     {
      "cooldown": 0,
      "docking": {
       "status": "undocked"
      },
      "health": 255,
      "id": 4,
      "owner": 1,
      "vel_x": 0.0,
      "vel_y": 0.0,
      "x": 184.05217693851074,
      "y": 123.14691459616397
     },
     {
      "cooldown": 0,
      "docking": {
       "status": "undocked"
      },
      "health": 255,
      "id": 3,
      "owner": 1,
      "vel_x": 0.0,
      "vel_y": 0.0,
      "x": 184.10634572891453,
      "y": 125.78446275633149
     }
    ],
    "Time": 4,
    "Turn": 1
   },
   {
    "Commands": [
     {
      "angle": 157,
      "magnitude": 7,
      "owner": 1,
      "queue_number": 0,
      "shipId": 5,
      "type": "thrust"
     },
     {
      "angle": 187,
      "magnitude": 7,
      "owner": 1,
      "queue_number": 0,
      "shipId": 4,
      "type": "thrust"
     },
     {
      "angle": 190,
      "magnitude": 7,
      "owner": 1,
      "queue_number": 0,
      "shipId": 3,
      "type": "thrust"
     }
    ],
    "Planets": null,
    "Ships": [
     {
      "cooldown": 0,
      "docking": {
       "status": "undocked"
      },
      "health": 255,
      "id": 5,
      "owner": 1,
      "vel_x": 0.0,
      "vel_y": 0.0,
      "x": 178.11293205166584,
      "y": 135.47023579884984
     },
     {
      "cooldown": 0,
      "docking": {
       "status": "undocked"
      },
      "health": 255,
      "id": 4,
      "owner": 1,
      "vel_x": 0.0,
      "vel_y": 0.0,
      "x": 177.10435387702148,
      "y": 122.29382919232793
     },
     {
      "cooldown": 0,
      "docking": {
       "status": "undocked"
      },
      "health": 255,
      "id": 3,
      "owner": 1,
      "vel_x": 0.0,
      "vel_y": 0.0,
      "x": 177.2126914578291,
      "y": 124.56892551266297
     }
    ],
    "Time": 2,
    "Turn": 2
   },
   {
    "Commands": [
     {
      "angle": 157,
      "magnitude": 7,
      "owner": 1,
      "queue_number": 0,
      "shipId": 5,
      "type": "thrust"
     },
     {
      "angle": 187,
      "magnitude": 7,
      "owner": 1,
      "queue_number": 0,
      "shipId": 4,
      "type": "thrust"
     },
     {
      "angle": 190,
      "magnitude": 7,
      "owner": 1,
      "queue_number": 0,
      "shipId": 3,
      "type": "thrust"
     }
    ],
    "Planets": null,
    "Ships": [
     {
      "cooldown": 0,
      "docking": {
       "status": "undocked"
      },
      "health": 255,
      "id": 5,
      "owner": 1,
      "vel_x": 0.0,
      "vel_y": 0.0,
      "x": 171.66939807749876,
      "y": 138.20535369827476
     },
     {
      "cooldown": 0,
      "docking": {
       "status": "undocked"
      },
      "health": 255,
      "id": 4,
      "owner": 1,
      "vel_x": 0.0,
      "vel_y": 0.0,
      "x": 170.15653081553225,
      "y": 121.4407437884919
     },
     {
      "cooldown": 0,
      "docking": {
       "status": "undocked"
      },
      "health": 255,
      "id": 3,
      "owner": 1,
      "vel_x": 0.0,
      "vel_y": 0.0,
      "x": 170.31903718674363,
      "y": 123.35338826899446
     }
    ],
    "Time": 2,
    "Turn": 3
   },
   {
    "Commands": [
     {
      "angle": 157,
      "magnitude": 7,
      "owner": 1,
      "queue_number": 0,
      "shipId": 5,
      "type": "thrust"
     },
     {
      "angle": 187,
      "magnitude": 7,
      "owner": 1,
      "queue_number": 0,
      "shipId": 4,
      "type": "thrust"
     },
     {
      "angle": 190,
      "magnitude": 7,
      "owner": 1,
      "queue_number": 0,
      "shipId": 3,
      "type": "thrust"
     }
    ],
    "Planets": null,
    "Ships": [
     {
      "cooldown": 0,
      "docking": {
       "status": "undocked"
      },
      "health": 255,
      "id": 5,
      "owner": 1,
      "vel_x": 0.0,
      "vel_y": 0.0,
      "x": 165.22586410333167,
      "y": 140.94047159769968
     },
     {
      "cooldown": 0,
      "docking": {
       "status": "undocked"
      },
      "health": 255,
      "id": 4,
      "owner": 1,
      "vel_x": 0.0,
      "vel_y": 0.0,
      "x": 163.20870775404299,
      "y": 120.58765838465587
     },
     {
      "cooldown": 0,
      "docking": {
       "status": "undocked"
      },
      "health": 255,
      "id": 3,
      "owner": 1,
      "vel_x": 0.0,
      "vel_y": 0.0,
      "x": 163.42538291565819,
      "y": 122.13785102532594
     }
    ],
    "Time": 2,
    "Turn": 4
   },
   {
    "Commands": [
     {
      "angle": 157,
      "magnitude": 7,
      "owner": 1,
      "queue_number": 0,
      "shipId": 5,
      "type": "thrust"
     },
     {
      "angle": 186,
      "magnitude": 7,
      "owner": 1,
      "queue_number": 0,
      "shipId": 4,
      "type": "thrust"
     },
     {
      "angle": 190,
      "magnitude": 7,
      "owner": 1,
      "queue_number": 0,
      "shipId": 3,
      "type": "thrust"
     }
    ],
    "Planets": null,
    "Ships": [
     {
      "cooldown": 0,
      "docking": {
       "status": "undocked"
      },
      "health": 255,
      "id": 5,
      "owner": 1,
      "vel_x": 0.0,
      "vel_y": 0.0,
      "x": 158.78233012916459,
      "y": 143.67558949712461
     },
     {
      "cooldown": 0,
      "docking": {
       "status": "undocked"
      },
      "health": 255,
      "id": 4,
      "owner": 1,
      "vel_x": 0.0,
      "vel_y": 0.0,
      "x": 156.24705448646506,
      "y": 119.85595914178229
     },
     {
      "cooldown": 0,
      "docking": {
       "status": "undocked"
      },
      "health": 255,
      "id": 3,
      "owner": 1,
      "vel_x": 0.0,
      "vel_y": 0.0,
      "x": 156.53172864457272,
      "y": 120.92231378165744
     }
    ],
    "Time": 3,
    "Turn": 5
   },
   {
    "Time": 22
   }
  ],
  "PlayerID": 1,
  "PlayerName": "Tardigrade1"
 }
]
